<?xml version="1.0" encoding="UTF-8"?>
<!-- Generated by org.testng.reporters.JUnitXMLReporter -->
<testsuite ignored="0" hostname="DESKTOP-N7R7P91" failures="0" tests="1" name="Test" time="8.874" errors="0" timestamp="2020-12-11T10:22:35 IST">
  <testcase classname="com.testCases.BaseClass" name="@BeforeClass set" time="8.591">
    <failure type="org.openqa.selenium.SessionNotCreatedException" message="session not created: This version of ChromeDriver only supports Chrome version 85
Build info: version: &amp;apos;3.141.59&amp;apos;, revision: &amp;apos;e82be7d358&amp;apos;, time: &amp;apos;2018-11-14T08:17:03&amp;apos;
System info: host: &amp;apos;DESKTOP-N7R7P91&amp;apos;, ip: &amp;apos;192.168.43.6&amp;apos;, os.name: &amp;apos;Windows 10&amp;apos;, os.arch: &amp;apos;amd64&amp;apos;, os.version: &amp;apos;10.0&amp;apos;, java.version: &amp;apos;14.0.1&amp;apos;
Driver info: driver.version: ChromeDriver
remote stacktrace: Backtrace:
	Ordinal0 [0x005CD383+3134339]
	Ordinal0 [0x004BA171+2007409]
	Ordinal0 [0x0035AEE8+569064]
	Ordinal0 [0x002E139F+70559]
	Ordinal0 [0x002DCC63+52323]
	Ordinal0 [0x00300DFC+200188]
	Ordinal0 [0x00300C1D+199709]
	Ordinal0 [0x002FEB0B+191243]
	Ordinal0 [0x002E2E77+77431]
	Ordinal0 [0x002E3E3E+81470]
	Ordinal0 [0x002E3DC9+81353]
	Ordinal0 [0x004D0CD9+2100441]
	GetHandleVerifier [0x0073B75A+1396954]
	GetHandleVerifier [0x0073B3D9+1396057]
	GetHandleVerifier [0x00747126+1444518]
	GetHandleVerifier [0x0073BCE8+1398376]
	Ordinal0 [0x004C7F51+2064209]
	Ordinal0 [0x004D22EB+2106091]
	Ordinal0 [0x004D2411+2106385]
	Ordinal0 [0x004E49C4+2181572]
	BaseThreadInitThunk [0x77036359+25]
	RtlGetAppContainerNamedObjectPath [0x77767C24+228]
	RtlGetAppContainerNamedObjectPath [0x77767BF4+180]
">
      <![CDATA[org.openqa.selenium.SessionNotCreatedException: session not created: This version of ChromeDriver only supports Chrome version 85
Build info: version: '3.141.59', revision: 'e82be7d358', time: '2018-11-14T08:17:03'
System info: host: 'DESKTOP-N7R7P91', ip: '192.168.43.6', os.name: 'Windows 10', os.arch: 'amd64', os.version: '10.0', java.version: '14.0.1'
Driver info: driver.version: ChromeDriver
remote stacktrace: Backtrace:
Ordinal0 [0x005CD383+3134339]
Ordinal0 [0x004BA171+2007409]
Ordinal0 [0x0035AEE8+569064]
Ordinal0 [0x002E139F+70559]
Ordinal0 [0x002DCC63+52323]
Ordinal0 [0x00300DFC+200188]
Ordinal0 [0x00300C1D+199709]
Ordinal0 [0x002FEB0B+191243]
Ordinal0 [0x002E2E77+77431]
Ordinal0 [0x002E3E3E+81470]
Ordinal0 [0x002E3DC9+81353]
Ordinal0 [0x004D0CD9+2100441]
GetHandleVerifier [0x0073B75A+1396954]
GetHandleVerifier [0x0073B3D9+1396057]
GetHandleVerifier [0x00747126+1444518]
GetHandleVerifier [0x0073BCE8+1398376]
Ordinal0 [0x004C7F51+2064209]
Ordinal0 [0x004D22EB+2106091]
Ordinal0 [0x004D2411+2106385]
Ordinal0 [0x004E49C4+2181572]
BaseThreadInitThunk [0x77036359+25]
RtlGetAppContainerNamedObjectPath [0x77767C24+228]
RtlGetAppContainerNamedObjectPath [0x77767BF4+180]

at org.openqa.selenium.remote.W3CHandshakeResponse.lambda$errorHandler$0(W3CHandshakeResponse.java:62)
at org.openqa.selenium.remote.HandshakeResponse.lambda$getResponseFunction$0(HandshakeResponse.java:30)
at org.openqa.selenium.remote.ProtocolHandshake.lambda$createSession$0(ProtocolHandshake.java:126)
at java.base/java.util.stream.ReferencePipeline$3$1.accept(ReferencePipeline.java:195)
at java.base/java.util.Spliterators$ArraySpliterator.tryAdvance(Spliterators.java:958)
at java.base/java.util.stream.ReferencePipeline.forEachWithCancel(ReferencePipeline.java:127)
at java.base/java.util.stream.AbstractPipeline.copyIntoWithCancel(AbstractPipeline.java:502)
at java.base/java.util.stream.AbstractPipeline.copyInto(AbstractPipeline.java:488)
at java.base/java.util.stream.AbstractPipeline.wrapAndCopyInto(AbstractPipeline.java:474)
at java.base/java.util.stream.FindOps$FindOp.evaluateSequential(FindOps.java:150)
at java.base/java.util.stream.AbstractPipeline.evaluate(AbstractPipeline.java:234)
at java.base/java.util.stream.ReferencePipeline.findFirst(ReferencePipeline.java:543)
at org.openqa.selenium.remote.ProtocolHandshake.createSession(ProtocolHandshake.java:128)
at org.openqa.selenium.remote.ProtocolHandshake.createSession(ProtocolHandshake.java:74)
at org.openqa.selenium.remote.HttpCommandExecutor.execute(HttpCommandExecutor.java:136)
at org.openqa.selenium.remote.service.DriverCommandExecutor.execute(DriverCommandExecutor.java:83)
at org.openqa.selenium.remote.RemoteWebDriver.execute(RemoteWebDriver.java:552)
at org.openqa.selenium.remote.RemoteWebDriver.startSession(RemoteWebDriver.java:213)
at org.openqa.selenium.remote.RemoteWebDriver.<init>(RemoteWebDriver.java:131)
at org.openqa.selenium.chrome.ChromeDriver.<init>(ChromeDriver.java:181)
at org.openqa.selenium.chrome.ChromeDriver.<init>(ChromeDriver.java:168)
at org.openqa.selenium.chrome.ChromeDriver.<init>(ChromeDriver.java:123)
at com.testCases.BaseClass.set(BaseClass.java:46)
at java.base/java.util.ArrayList.forEach(ArrayList.java:1510)
... Removed 30 stack frames]]>
    </failure>
  </testcase> <!-- @BeforeClass set -->
  <testcase classname="com.testCases.BaseClass" name="@AfterClass closeBrowser" time="-1.607662355406E9">
    <skipped/>
  </testcase> <!-- @AfterClass closeBrowser -->
  <testcase classname="com.testCases.TC_LoginPageV1_001" name="LoginTest" time="0.0">
    <skipped/>
  </testcase> <!-- LoginTest -->
</testsuite> <!-- Test -->
